<?xml version="1.0" encoding="UTF-8"?>
<testng-results ignored="0" total="2" passed="1" failed="1" skipped="0">
  <reporter-output>
    <line>
      <![CDATA[launching browser]]>
    </line>
    <line>
      <![CDATA[funds are Rs.5,00,000.00]]>
    </line>
    <line>
      <![CDATA[tc is passed]]>
    </line>
    <line>
      <![CDATA[testcase validateUserNameis failed]]>
    </line>
    <line>
      <![CDATA[closing browser]]>
    </line>
  </reporter-output>
  <suite started-at="2022-12-16T18:22:42 IST" name="Default suite" finished-at="2022-12-16T18:23:13 IST" duration-ms="31121">
    <groups>
    </groups>
    <test started-at="2022-12-16T18:22:42 IST" name="Default test" finished-at="2022-12-16T18:23:13 IST" duration-ms="31121">
      <class name="neOStoxTest.ValidateUserNameAndFundsusingProperty">
        <test-method is-config="true" signature="launch()[pri:0, instance:neOStoxTest.ValidateUserNameAndFundsusingProperty@48bb62]" started-at="2022-12-16T18:22:42 IST" name="launch" finished-at="2022-12-16T18:22:51 IST" duration-ms="8995" status="PASS">
          <reporter-output>
            <line>
              <![CDATA[launching browser]]>
            </line>
          </reporter-output>
        </test-method> <!-- launch -->
        <test-method is-config="true" signature="loginToNeoStox()[pri:0, instance:neOStoxTest.ValidateUserNameAndFundsusingProperty@48bb62]" started-at="2022-12-16T18:22:51 IST" name="loginToNeoStox" finished-at="2022-12-16T18:22:59 IST" duration-ms="8477" status="PASS">
          <reporter-output>
          </reporter-output>
        </test-method> <!-- loginToNeoStox -->
        <test-method signature="getFunds()[pri:0, instance:neOStoxTest.ValidateUserNameAndFundsusingProperty@48bb62]" started-at="2022-12-16T18:22:59 IST" name="getFunds" finished-at="2022-12-16T18:23:01 IST" duration-ms="1137" status="PASS">
          <reporter-output>
            <line>
              <![CDATA[funds are Rs.5,00,000.00]]>
            </line>
            <line>
              <![CDATA[tc is passed]]>
            </line>
          </reporter-output>
        </test-method> <!-- getFunds -->
        <test-method is-config="true" signature="logoutFromApplication()[pri:0, instance:neOStoxTest.ValidateUserNameAndFundsusingProperty@48bb62]" started-at="2022-12-16T18:23:01 IST" name="logoutFromApplication" finished-at="2022-12-16T18:23:02 IST" duration-ms="1188" status="PASS">
          <reporter-output>
          </reporter-output>
        </test-method> <!-- logoutFromApplication -->
        <test-method is-config="true" signature="loginToNeoStox()[pri:0, instance:neOStoxTest.ValidateUserNameAndFundsusingProperty@48bb62]" started-at="2022-12-16T18:23:02 IST" name="loginToNeoStox" finished-at="2022-12-16T18:23:09 IST" duration-ms="7261" status="PASS">
          <reporter-output>
          </reporter-output>
        </test-method> <!-- loginToNeoStox -->
        <test-method signature="validateUserName()[pri:0, instance:neOStoxTest.ValidateUserNameAndFundsusingProperty@48bb62]" started-at="2022-12-16T18:23:09 IST" name="validateUserName" finished-at="2022-12-16T18:23:10 IST" duration-ms="1065" status="FAIL">
          <exception class="java.lang.AssertionError">
            <message>
              <![CDATA[TC failed actual not equal expected expected [Hi Rushikesh Pagar1] but found [Hi Rushikesh Pagar]]]>
            </message>
            <full-stacktrace>
              <![CDATA[java.lang.AssertionError: TC failed actual not equal expected expected [Hi Rushikesh Pagar1] but found [Hi Rushikesh Pagar]
at org.testng.Assert.fail(Assert.java:110)
at org.testng.Assert.failNotEquals(Assert.java:1413)
at org.testng.Assert.assertEqualsImpl(Assert.java:149)
at org.testng.Assert.assertEquals(Assert.java:131)
at org.testng.Assert.assertEquals(Assert.java:655)
at neOStoxTest.ValidateUserNameAndFundsusingProperty.validateUserName(ValidateUserNameAndFundsusingProperty.java:69)
at java.base/jdk.internal.reflect.NativeMethodAccessorImpl.invoke0(Native Method)
at java.base/jdk.internal.reflect.NativeMethodAccessorImpl.invoke(NativeMethodAccessorImpl.java:62)
at java.base/jdk.internal.reflect.DelegatingMethodAccessorImpl.invoke(DelegatingMethodAccessorImpl.java:43)
at java.base/java.lang.reflect.Method.invoke(Method.java:566)
at org.testng.internal.invokers.MethodInvocationHelper.invokeMethod(MethodInvocationHelper.java:139)
at org.testng.internal.invokers.TestInvoker.invokeMethod(TestInvoker.java:677)
at org.testng.internal.invokers.TestInvoker.invokeTestMethod(TestInvoker.java:221)
at org.testng.internal.invokers.MethodRunner.runInSequence(MethodRunner.java:50)
at org.testng.internal.invokers.TestInvoker$MethodInvocationAgent.invoke(TestInvoker.java:969)
at org.testng.internal.invokers.TestInvoker.invokeTestMethods(TestInvoker.java:194)
at org.testng.internal.invokers.TestMethodWorker.invokeTestMethods(TestMethodWorker.java:148)
at org.testng.internal.invokers.TestMethodWorker.run(TestMethodWorker.java:128)
at java.base/java.util.ArrayList.forEach(ArrayList.java:1541)
at org.testng.TestRunner.privateRun(TestRunner.java:829)
at org.testng.TestRunner.run(TestRunner.java:602)
at org.testng.SuiteRunner.runTest(SuiteRunner.java:437)
at org.testng.SuiteRunner.runSequentially(SuiteRunner.java:431)
at org.testng.SuiteRunner.privateRun(SuiteRunner.java:391)
at org.testng.SuiteRunner.run(SuiteRunner.java:330)
at org.testng.SuiteRunnerWorker.runSuite(SuiteRunnerWorker.java:52)
at org.testng.SuiteRunnerWorker.run(SuiteRunnerWorker.java:95)
at org.testng.TestNG.runSuitesSequentially(TestNG.java:1256)
at org.testng.TestNG.runSuitesLocally(TestNG.java:1176)
at org.testng.TestNG.runSuites(TestNG.java:1099)
at org.testng.TestNG.run(TestNG.java:1067)
at org.testng.remote.AbstractRemoteTestNG.run(AbstractRemoteTestNG.java:115)
at org.testng.remote.RemoteTestNG.initAndRun(RemoteTestNG.java:251)
at org.testng.remote.RemoteTestNG.main(RemoteTestNG.java:77)
]]>
            </full-stacktrace>
          </exception> <!-- java.lang.AssertionError -->
          <reporter-output>
            <line>
              <![CDATA[testcase validateUserNameis failed]]>
            </line>
          </reporter-output>
        </test-method> <!-- validateUserName -->
        <test-method is-config="true" signature="logoutFromApplication()[pri:0, instance:neOStoxTest.ValidateUserNameAndFundsusingProperty@48bb62]" started-at="2022-12-16T18:23:10 IST" name="logoutFromApplication" finished-at="2022-12-16T18:23:12 IST" duration-ms="1354" status="PASS">
          <reporter-output>
          </reporter-output>
        </test-method> <!-- logoutFromApplication -->
        <test-method is-config="true" signature="closingBrowser()[pri:0, instance:neOStoxTest.ValidateUserNameAndFundsusingProperty@48bb62]" started-at="2022-12-16T18:23:12 IST" name="closingBrowser" finished-at="2022-12-16T18:23:13 IST" duration-ms="1372" status="PASS">
          <reporter-output>
            <line>
              <![CDATA[closing browser]]>
            </line>
          </reporter-output>
        </test-method> <!-- closingBrowser -->
      </class> <!-- neOStoxTest.ValidateUserNameAndFundsusingProperty -->
    </test> <!-- Default test -->
  </suite> <!-- Default suite -->
</testng-results>
